<?xml version="1.0" encoding="UTF-8"?>
<!-- Generated by org.testng.reporters.JUnitReportReporter -->
<testsuite hostname="LAPTOP-K1OJI7SN" name="com.goibibi.Testcases.VerifyValidLogin" tests="4" failures="0" timestamp="3 Sep 2020 07:55:19 GMT" time="7.433" errors="0">
  <testcase name="getloginurl" time="0.027" classname="com.goibibi.Testcases.VerifyValidLogin"/>
  <testcase name="checkInvaliduser" time="1.511" classname="com.goibibi.Testcases.VerifyValidLogin"/>
  <testcase name="checkvaliduser" time="5.281" classname="com.goibibi.Testcases.VerifyValidLogin"/>
  <testcase name="Login_PanelHeadingText" time="0.614" classname="com.goibibi.Testcases.VerifyValidLogin"/>
</testsuite> <!-- com.goibibi.Testcases.VerifyValidLogin -->
